<?xml version="1.0" encoding="UTF-8" ?>
<testsuite tests="4" failures="1" name="org.arquillian.smart.testing.strategies.affected.ClassDependenciesGraphTest" time="0.102" errors="0" skipped="0">
  <properties>
    <property name="java.runtime.name" value="Java(TM) SE Runtime Environment"/>
    <property name="sun.boot.library.path" value="/Library/Java/JavaVirtualMachines/jdk1.8.0_121.jdk/Contents/Home/jre/lib"/>
    <property name="java.vm.version" value="25.121-b13"/>
    <property name="user.country.format" value="ES"/>
    <property name="gopherProxySet" value="false"/>
    <property name="java.vm.vendor" value="Oracle Corporation"/>
    <property name="maven.multiModuleProjectDirectory" value="/Users/alex/git/smart-testing"/>
    <property name="java.vendor.url" value="http://java.oracle.com/"/>
    <property name="path.separator" value=":"/>
    <property name="guice.disable.misplaced.annotation.check" value="true"/>
    <property name="java.vm.name" value="Java HotSpot(TM) 64-Bit Server VM"/>
    <property name="file.encoding.pkg" value="sun.io"/>
    <property name="user.country" value="US"/>
    <property name="sun.java.launcher" value="SUN_STANDARD"/>
    <property name="sun.os.patch.level" value="unknown"/>
    <property name="java.vm.specification.name" value="Java Virtual Machine Specification"/>
    <property name="user.dir" value="/Users/alex/git/smart-testing"/>
    <property name="java.runtime.version" value="1.8.0_121-b13"/>
    <property name="java.awt.graphicsenv" value="sun.awt.CGraphicsEnvironment"/>
    <property name="java.endorsed.dirs" value="/Library/Java/JavaVirtualMachines/jdk1.8.0_121.jdk/Contents/Home/jre/lib/endorsed"/>
    <property name="os.arch" value="x86_64"/>
    <property name="java.io.tmpdir" value="/var/folders/xd/_pglfgy97snfpv5pfd74qjtr0000gn/T/"/>
    <property name="line.separator" value="
"/>
    <property name="java.vm.specification.vendor" value="Oracle Corporation"/>
    <property name="os.name" value="Mac OS X"/>
    <property name="classworlds.conf" value="/Users/alex/Applications/apache-maven-3.5.0/bin/m2.conf"/>
    <property name="sun.jnu.encoding" value="UTF-8"/>
    <property name="java.library.path" value="/Users/alex/Library/Java/Extensions:/Library/Java/Extensions:/Network/Library/Java/Extensions:/System/Library/Java/Extensions:/usr/lib/java:."/>
    <property name="maven.conf" value="/Users/alex/Applications/apache-maven-3.5.0/conf"/>
    <property name="java.specification.name" value="Java Platform API Specification"/>
    <property name="java.class.version" value="52.0"/>
    <property name="sun.management.compiler" value="HotSpot 64-Bit Tiered Compilers"/>
    <property name="os.version" value="10.12.4"/>
    <property name="library.jansi.path" value="/Users/alex/Applications/apache-maven-3.5.0/lib/jansi-native/osx64"/>
    <property name="http.nonProxyHosts" value="local|*.local|169.254/16|*.169.254/16"/>
    <property name="user.home" value="/Users/alex"/>
    <property name="user.timezone" value="Europe/Brussels"/>
    <property name="java.awt.printerjob" value="sun.lwawt.macosx.CPrinterJob"/>
    <property name="java.specification.version" value="1.8"/>
    <property name="file.encoding" value="UTF-8"/>
    <property name="user.name" value="alex"/>
    <property name="java.class.path" value="/Users/alex/Applications/apache-maven-3.5.0/boot/plexus-classworlds-2.5.2.jar"/>
    <property name="java.vm.specification.version" value="1.8"/>
    <property name="sun.arch.data.model" value="64"/>
    <property name="java.home" value="/Library/Java/JavaVirtualMachines/jdk1.8.0_121.jdk/Contents/Home/jre"/>
    <property name="sun.java.command" value="org.codehaus.plexus.classworlds.launcher.Launcher clean test"/>
    <property name="java.specification.vendor" value="Oracle Corporation"/>
    <property name="user.language" value="en"/>
    <property name="awt.toolkit" value="sun.lwawt.macosx.LWCToolkit"/>
    <property name="java.vm.info" value="mixed mode"/>
    <property name="java.version" value="1.8.0_121"/>
    <property name="java.ext.dirs" value="/Users/alex/Library/Java/Extensions:/Library/Java/JavaVirtualMachines/jdk1.8.0_121.jdk/Contents/Home/jre/lib/ext:/Library/Java/Extensions:/Network/Library/Java/Extensions:/System/Library/Java/Extensions:/usr/lib/java"/>
    <property name="sun.boot.class.path" value="/Library/Java/JavaVirtualMachines/jdk1.8.0_121.jdk/Contents/Home/jre/lib/resources.jar:/Library/Java/JavaVirtualMachines/jdk1.8.0_121.jdk/Contents/Home/jre/lib/rt.jar:/Library/Java/JavaVirtualMachines/jdk1.8.0_121.jdk/Contents/Home/jre/lib/sunrsasign.jar:/Library/Java/JavaVirtualMachines/jdk1.8.0_121.jdk/Contents/Home/jre/lib/jsse.jar:/Library/Java/JavaVirtualMachines/jdk1.8.0_121.jdk/Contents/Home/jre/lib/jce.jar:/Library/Java/JavaVirtualMachines/jdk1.8.0_121.jdk/Contents/Home/jre/lib/charsets.jar:/Library/Java/JavaVirtualMachines/jdk1.8.0_121.jdk/Contents/Home/jre/lib/jfr.jar:/Library/Java/JavaVirtualMachines/jdk1.8.0_121.jdk/Contents/Home/jre/classes"/>
    <property name="java.vendor" value="Oracle Corporation"/>
    <property name="maven.home" value="/Users/alex/Applications/apache-maven-3.5.0"/>
    <property name="file.separator" value="/"/>
    <property name="java.vendor.url.bug" value="http://bugreport.sun.com/bugreport/"/>
    <property name="sun.cpu.endian" value="little"/>
    <property name="sun.io.unicode.encoding" value="UnicodeBig"/>
    <property name="socksNonProxyHosts" value="local|*.local|169.254/16|*.169.254/16"/>
    <property name="ftp.nonProxyHosts" value="local|*.local|169.254/16|*.169.254/16"/>
    <property name="sun.cpu.isalist" value=""/>
  </properties>
  <testcase classname="org.arquillian.smart.testing.strategies.affected.ClassDependenciesGraphTest" name="should_detect_simple_test_to_execute" time="0.005"/>
  <testcase classname="org.arquillian.smart.testing.strategies.affected.ClassDependenciesGraphTest" name="should_detect_test_with_multiple_main_classes" time="0.091">
    <failure message="
Expecting:
  &lt;[&quot;org.arquillian.smart.testing.strategies.affected.fakeproject.test.MySecondBusinessObjectTest&quot;]&gt;
to contain exactly (and in same order):
  &lt;[&quot;org.arquillian.smart.testing.strategies.affected.fakeproject.test.MySecondBusinessObjectTestt&quot;]&gt;
but some elements were not found:
  &lt;[&quot;org.arquillian.smart.testing.strategies.affected.fakeproject.test.MySecondBusinessObjectTestt&quot;]&gt;
and others were not expected:
  &lt;[&quot;org.arquillian.smart.testing.strategies.affected.fakeproject.test.MySecondBusinessObjectTest&quot;]&gt;
" type="java.lang.AssertionError">java.lang.AssertionError:
      Expecting:
      &lt;[&quot;org.arquillian.smart.testing.strategies.affected.fakeproject.test.MySecondBusinessObjectTest&quot;]&gt;
      to contain exactly (and in same order):
      &lt;[&quot;org.arquillian.smart.testing.strategies.affected.fakeproject.test.MySecondBusinessObjectTestt&quot;]&gt;
      but some elements were not found:
      &lt;[&quot;org.arquillian.smart.testing.strategies.affected.fakeproject.test.MySecondBusinessObjectTestt&quot;]&gt;
      and others were not expected:
      &lt;[&quot;org.arquillian.smart.testing.strategies.affected.fakeproject.test.MySecondBusinessObjectTest&quot;]&gt;

      at org.arquillian.smart.testing.strategies.affected.ClassDependenciesGraphTest.should_detect_test_with_multiple_main_classes(ClassFileIndexTest.java:87)
      at sun.reflect.NativeMethodAccessorImpl.invoke0(Native Method)
      at sun.reflect.NativeMethodAccessorImpl.invoke(NativeMethodAccessorImpl.java:62)
      at sun.reflect.DelegatingMethodAccessorImpl.invoke(DelegatingMethodAccessorImpl.java:43)
      at java.lang.reflect.Method.invoke(Method.java:498)
      at org.junit.runners.model.FrameworkMethod$1.runReflectiveCall(FrameworkMethod.java:50)
      at org.junit.internal.runners.model.ReflectiveCallable.run(ReflectiveCallable.java:12)
      at org.junit.runners.model.FrameworkMethod.invokeExplosively(FrameworkMethod.java:47)
      at org.junit.internal.runners.statements.InvokeMethod.evaluate(InvokeMethod.java:17)
      at org.junit.runners.ParentRunner.runLeaf(ParentRunner.java:325)
      at org.junit.runners.BlockJUnit4ClassRunner.runChild(BlockJUnit4ClassRunner.java:78)
      at org.junit.runners.BlockJUnit4ClassRunner.runChild(BlockJUnit4ClassRunner.java:57)
      at org.junit.runners.ParentRunner$3.run(ParentRunner.java:290)
      at org.junit.runners.ParentRunner$1.schedule(ParentRunner.java:71)
      at org.junit.runners.ParentRunner.runChildren(ParentRunner.java:288)
      at org.junit.runners.ParentRunner.access$000(ParentRunner.java:58)
      at org.junit.runners.ParentRunner$2.evaluate(ParentRunner.java:268)
      at org.junit.runners.ParentRunner.run(ParentRunner.java:363)
      at org.apache.maven.surefire.junit4.JUnit4Provider.execute(JUnit4Provider.java:252)
      at org.apache.maven.surefire.junit4.JUnit4Provider.executeTestSet(JUnit4Provider.java:141)
      at org.apache.maven.surefire.junit4.JUnit4Provider.invoke(JUnit4Provider.java:112)
      at sun.reflect.NativeMethodAccessorImpl.invoke0(Native Method)
      at sun.reflect.NativeMethodAccessorImpl.invoke(NativeMethodAccessorImpl.java:62)
      at sun.reflect.DelegatingMethodAccessorImpl.invoke(DelegatingMethodAccessorImpl.java:43)
      at java.lang.reflect.Method.invoke(Method.java:498)
      at org.apache.maven.surefire.util.ReflectionUtils.invokeMethodWithArray(ReflectionUtils.java:189)
      at org.apache.maven.surefire.booter.ProviderFactory$ProviderProxy.invoke(ProviderFactory.java:165)
      at org.apache.maven.surefire.booter.ProviderFactory.invokeProvider(ProviderFactory.java:85)
      at org.apache.maven.surefire.booter.ForkedBooter.runSuitesInProcess(ForkedBooter.java:115)
      at org.apache.maven.surefire.booter.ForkedBooter.main(ForkedBooter.java:75)
    </failure>
  </testcase>
</testsuite>
